<?xml version="1.0" encoding="UTF-8"?>
<!-- Generated by org.testng.reporters.JUnitReportReporter -->
<testsuite hostname="Apaekshits_PC" failures="0" tests="2" name="Apaekshit_Autoamtion.AutomationEnterpriseLevelFramework.ErrorValidation" time="8.318" errors="0" timestamp="2024-07-19T15:44:25 IST" skipped="0">
  <testcase classname="Apaekshit_Autoamtion.AutomationEnterpriseLevelFramework.ErrorValidation" name="errorValidation" time="3.144"/>
  <testcase classname="Apaekshit_Autoamtion.AutomationEnterpriseLevelFramework.ErrorValidation" name="productErrorValidation" time="5.174"/>
</testsuite> <!-- Apaekshit_Autoamtion.AutomationEnterpriseLevelFramework.ErrorValidation -->
