<?xml version="1.0" encoding="UTF-8"?>
<!-- Generated by org.testng.reporters.JUnitReportReporter -->
<testsuite hostname="Apaekshits_PC" failures="0" tests="2" name="Apaekshit_Autoamtion.AutomationEnterpriseLevelFramework.SubmitOrderTest" time="41.406" errors="0" timestamp="2024-07-19T18:37:01 IST" skipped="0">
  <testcase classname="Apaekshit_Autoamtion.AutomationEnterpriseLevelFramework.SubmitOrderTest" name="submitOrder" time="16.669"/>
  <testcase classname="Apaekshit_Autoamtion.AutomationEnterpriseLevelFramework.SubmitOrderTest" name="submitOrder" time="24.737"/>
</testsuite> <!-- Apaekshit_Autoamtion.AutomationEnterpriseLevelFramework.SubmitOrderTest -->
