<?xml version="1.0" encoding="UTF-8"?>
<!-- Generated by org.testng.reporters.JUnitReportReporter -->
<testsuite hostname="Apaekshits_PC" failures="0" tests="2" name="Apaekshit_Autoamtion.AutomationEnterpriseLevelFramework.ErrorValidation" time="9.509" errors="0" timestamp="2024-07-19T18:36:07 IST" skipped="0">
  <testcase classname="Apaekshit_Autoamtion.AutomationEnterpriseLevelFramework.ErrorValidation" name="errorValidation" time="4.986"/>
  <testcase classname="Apaekshit_Autoamtion.AutomationEnterpriseLevelFramework.ErrorValidation" name="productErrorValidation" time="4.523"/>
</testsuite> <!-- Apaekshit_Autoamtion.AutomationEnterpriseLevelFramework.ErrorValidation -->
